# JRE version: Java(TM) SE Runtime Environment (8.0_45-b15) (build 1.8.0_45-b15)
# Java VM: Java HotSpot(TM) 64-Bit Server VM (25.45-b02 mixed mode windows-amd64 compressed oops)
Heap:
 PSYoungGen      total 17408K, used 9182K [0x00000000ecd00000, 0x00000000ee600000, 0x0000000100000000)
  eden space 15360K, 46% used [0x00000000ecd00000,0x00000000ed3f92c0,0x00000000edc00000)
  from space 2048K, 99% used [0x00000000edc00000,0x00000000eddfe6d8,0x00000000ede00000)
  to   space 5120K, 0% used [0x00000000ee100000,0x00000000ee100000,0x00000000ee600000)
 ParOldGen       total 39936K, used 4631K [0x00000000c6600000, 0x00000000c8d00000, 0x00000000ecd00000)
  object space 39936K, 11% used [0x00000000c6600000,0x00000000c6a85d60,0x00000000c8d00000)
 Metaspace       used 17329K, capacity 17575K, committed 17792K, reserved 1064960K
  class space    used 2064K, capacity 2144K, committed 2176K, reserved 1048576K
GC Heap History (10 events):
Event: 8.842 GC heap before
{Heap before GC invocations=1 (full 0):
 PSYoungGen      total 17408K, used 15360K [0x00000000ecd00000, 0x00000000ee000000, 0x0000000100000000)
  eden space 15360K, 100% used [0x00000000ecd00000,0x00000000edc00000,0x00000000edc00000)
  from space 2048K, 0% used [0x00000000ede00000,0x00000000ede00000,0x00000000ee000000)
  to   space 2048K, 0% used [0x00000000edc00000,0x00000000edc00000,0x00000000ede00000)
 ParOldGen       total 39936K, used 0K [0x00000000c6600000, 0x00000000c8d00000, 0x00000000ecd00000)
  object space 39936K, 0% used [0x00000000c6600000,0x00000000c6600000,0x00000000c8d00000)
 Metaspace       used 14491K, capacity 14713K, committed 14976K, reserved 1062912K
  class space    used 1843K, capacity 1919K, committed 1920K, reserved 1048576K
Event: 8.872 GC heap after
Heap after GC invocations=1 (full 0):
 PSYoungGen      total 17408K, used 2021K [0x00000000ecd00000, 0x00000000ee000000, 0x0000000100000000)
  eden space 15360K, 0% used [0x00000000ecd00000,0x00000000ecd00000,0x00000000edc00000)
  from space 2048K, 98% used [0x00000000edc00000,0x00000000eddf9450,0x00000000ede00000)
  to   space 2048K, 0% used [0x00000000ede00000,0x00000000ede00000,0x00000000ee000000)
 ParOldGen       total 39936K, used 2365K [0x00000000c6600000, 0x00000000c8d00000, 0x00000000ecd00000)
  object space 39936K, 5% used [0x00000000c6600000,0x00000000c684f760,0x00000000c8d00000)
 Metaspace       used 14491K, capacity 14713K, committed 14976K, reserved 1062912K
  class space    used 1843K, capacity 1919K, committed 1920K, reserved 1048576K
}
Event: 16.702 GC heap before
{Heap before GC invocations=2 (full 0):
 PSYoungGen      total 17408K, used 17381K [0x00000000ecd00000, 0x00000000ee000000, 0x0000000100000000)
  eden space 15360K, 100% used [0x00000000ecd00000,0x00000000edc00000,0x00000000edc00000)
  from space 2048K, 98% used [0x00000000edc00000,0x00000000eddf9450,0x00000000ede00000)
  to   space 2048K, 0% used [0x00000000ede00000,0x00000000ede00000,0x00000000ee000000)
 ParOldGen       total 39936K, used 2365K [0x00000000c6600000, 0x00000000c8d00000, 0x00000000ecd00000)
  object space 39936K, 5% used [0x00000000c6600000,0x00000000c684f760,0x00000000c8d00000)
 Metaspace       used 16613K, capacity 16799K, committed 17024K, reserved 1064960K
  class space    used 2043K, capacity 2144K, committed 2176K, reserved 1048576K
Event: 16.727 GC heap after
Heap after GC invocations=2 (full 0):
 PSYoungGen      total 17408K, used 2025K [0x00000000ecd00000, 0x00000000ee000000, 0x0000000100000000)
  eden space 15360K, 0% used [0x00000000ecd00000,0x00000000ecd00000,0x00000000edc00000)
  from space 2048K, 98% used [0x00000000ede00000,0x00000000edffa6c8,0x00000000ee000000)
  to   space 2048K, 0% used [0x00000000edc00000,0x00000000edc00000,0x00000000ede00000)
 ParOldGen       total 39936K, used 4147K [0x00000000c6600000, 0x00000000c8d00000, 0x00000000ecd00000)
  object space 39936K, 10% used [0x00000000c6600000,0x00000000c6a0cc90,0x00000000c8d00000)
 Metaspace       used 16613K, capacity 16799K, committed 17024K, reserved 1064960K
  class space    used 2043K, capacity 2144K, committed 2176K, reserved 1048576K
}
Event: 23.245 GC heap before
{Heap before GC invocations=3 (full 0):
 PSYoungGen      total 17408K, used 17385K [0x00000000ecd00000, 0x00000000ee000000, 0x0000000100000000)
  eden space 15360K, 100% used [0x00000000ecd00000,0x00000000edc00000,0x00000000edc00000)
  from space 2048K, 98% used [0x00000000ede00000,0x00000000edffa6c8,0x00000000ee000000)
  to   space 2048K, 0% used [0x00000000edc00000,0x00000000edc00000,0x00000000ede00000)
 ParOldGen       total 39936K, used 4147K [0x00000000c6600000, 0x00000000c8d00000, 0x00000000ecd00000)
  object space 39936K, 10% used [0x00000000c6600000,0x00000000c6a0cc90,0x00000000c8d00000)
 Metaspace       used 16987K, capacity 17247K, committed 17536K, reserved 1064960K
  class space    used 2055K, capacity 2144K, committed 2176K, reserved 1048576K
Event: 23.262 GC heap after
Heap after GC invocations=3 (full 0):
 PSYoungGen      total 17408K, used 2041K [0x00000000ecd00000, 0x00000000ee000000, 0x0000000100000000)
  eden space 15360K, 0% used [0x00000000ecd00000,0x00000000ecd00000,0x00000000edc00000)
  from space 2048K, 99% used [0x00000000edc00000,0x00000000eddfe6d8,0x00000000ede00000)
  to   space 2048K, 0% used [0x00000000ede00000,0x00000000ede00000,0x00000000ee000000)
 ParOldGen       total 39936K, used 4527K [0x00000000c6600000, 0x00000000c8d00000, 0x00000000ecd00000)
  object space 39936K, 11% used [0x00000000c6600000,0x00000000c6a6bd60,0x00000000c8d00000)
 Metaspace       used 16987K, capacity 17247K, committed 17536K, reserved 1064960K
  class space    used 2055K, capacity 2144K, committed 2176K, reserved 1048576K
}
Event: 30.979 GC heap before
{Heap before GC invocations=4 (full 0):
 PSYoungGen      total 17408K, used 17401K [0x00000000ecd00000, 0x00000000ee000000, 0x0000000100000000)
  eden space 15360K, 100% used [0x00000000ecd00000,0x00000000edc00000,0x00000000edc00000)
  from space 2048K, 99% used [0x00000000edc00000,0x00000000eddfe6d8,0x00000000ede00000)
  to   space 2048K, 0% used [0x00000000ede00000,0x00000000ede00000,0x00000000ee000000)
 ParOldGen       total 39936K, used 4527K [0x00000000c6600000, 0x00000000c8d00000, 0x00000000ecd00000)
  object space 39936K, 11% used [0x00000000c6600000,0x00000000c6a6bd60,0x00000000c8d00000)
 Metaspace       used 17137K, capacity 17375K, committed 17536K, reserved 1064960K
  class space    used 2064K, capacity 2144K, committed 2176K, reserved 1048576K
Event: 30.993 GC heap after
Heap after GC invocations=4 (full 0):
 PSYoungGen      total 17408K, used 2025K [0x00000000ecd00000, 0x00000000ee000000, 0x0000000100000000)
  eden space 15360K, 0% used [0x00000000ecd00000,0x00000000ecd00000,0x00000000edc00000)
  from space 2048K, 98% used [0x00000000ede00000,0x00000000edffa6c8,0x00000000ee000000)
  to   space 2048K, 0% used [0x00000000edc00000,0x00000000edc00000,0x00000000ede00000)
 ParOldGen       total 39936K, used 4599K [0x00000000c6600000, 0x00000000c8d00000, 0x00000000ecd00000)
  object space 39936K, 11% used [0x00000000c6600000,0x00000000c6a7dd60,0x00000000c8d00000)
 Metaspace       used 17137K, capacity 17375K, committed 17536K, reserved 1064960K
  class space    used 2064K, capacity 2144K, committed 2176K, reserved 1048576K
}
Event: 38.766 GC heap before
{Heap before GC invocations=5 (full 0):
 PSYoungGen      total 17408K, used 17385K [0x00000000ecd00000, 0x00000000ee000000, 0x0000000100000000)
  eden space 15360K, 100% used [0x00000000ecd00000,0x00000000edc00000,0x00000000edc00000)
  from space 2048K, 98% used [0x00000000ede00000,0x00000000edffa6c8,0x00000000ee000000)
  to   space 2048K, 0% used [0x00000000edc00000,0x00000000edc00000,0x00000000ede00000)
 ParOldGen       total 39936K, used 4599K [0x00000000c6600000, 0x00000000c8d00000, 0x00000000ecd00000)
  object space 39936K, 11% used [0x00000000c6600000,0x00000000c6a7dd60,0x00000000c8d00000)
 Metaspace       used 17267K, capacity 17503K, committed 17792K, reserved 1064960K
  class space    used 2064K, capacity 2144K, committed 2176K, reserved 1048576K
Event: 38.782 GC heap after
Heap after GC invocations=5 (full 0):
 PSYoungGen      total 17408K, used 2041K [0x00000000ecd00000, 0x00000000ee600000, 0x0000000100000000)
  eden space 15360K, 0% used [0x00000000ecd00000,0x00000000ecd00000,0x00000000edc00000)
  from space 2048K, 99% used [0x00000000edc00000,0x00000000eddfe6d8,0x00000000ede00000)
  to   space 5120K, 0% used [0x00000000ee100000,0x00000000ee100000,0x00000000ee600000)
 ParOldGen       total 39936K, used 4631K [0x00000000c6600000, 0x00000000c8d00000, 0x00000000ecd00000)
  object space 39936K, 11% used [0x00000000c6600000,0x00000000c6a85d60,0x00000000c8d00000)
 Metaspace       used 17267K, capacity 17503K, committed 17792K, reserved 1064960K
  class space    used 2064K, capacity 2144K, committed 2176K, reserved 1048576K
}

